<?xml version="1.0" encoding="UTF-8"?>
<testng-results skipped="0" failed="0" ignored="0" total="1" passed="1">
  <reporter-output>
  </reporter-output>
  <suite name="Default suite" duration-ms="95599" started-at="2021-06-23T10:53:05 IST" finished-at="2021-06-23T10:54:40 IST">
    <groups>
    </groups>
    <test name="Default test" duration-ms="95599" started-at="2021-06-23T10:53:05 IST" finished-at="2021-06-23T10:54:40 IST">
      <class name="TableHandling.CreateOrganizationJson">
        <test-method status="PASS" signature="CreateOrganizationJson()[pri:0, instance:TableHandling.CreateOrganizationJson@4b1c1ea0]" name="CreateOrganizationJson" duration-ms="95363" started-at="2021-06-23T10:53:05 IST" finished-at="2021-06-23T10:54:40 IST">
          <reporter-output>
          </reporter-output>
        </test-method> <!-- CreateOrganizationJson -->
      </class> <!-- TableHandling.CreateOrganizationJson -->
    </test> <!-- Default test -->
  </suite> <!-- Default suite -->
</testng-results>
